<?xml version="1.0" encoding="utf-8" ?>
<testsuites tests="5" failures="1" time="0.230">
  <testsuite name="test/test_calculator" tests="4" failures="1" skipped="0" errors="0" time="0.139">
    <testcase name="test_sub" time="0.000"/>
    <testcase name="test_mul" time="0.000"/>
    <testcase name="test_div" time="0.000"/>
    <testcase name="test_add" time="0.000">
      <failure message="Expected 6 Was 5" />
    </testcase>
  </testsuite>
  <testsuite name="test/test_integration" tests="1" failures="0" skipped="0" errors="0" time="0.091">
    <testcase name="test_add_results" time="0.000"/>
  </testsuite>
</testsuites>
